This is pdfeTeX, Version 3.141592-1.21a-2.2 (Web2C 7.5.4) (format=pdflatex 2011.9.19)  28 SEP 2011 01:30
entering extended mode
**refcard
(./refcard.tex
LaTeX2e <2003/12/01>
Babel <v3.8d> and hyphenation patterns for american, french, german, ngerman, b
ahasa, basque, bulgarian, catalan, croatian, czech, danish, dutch, esperanto, e
stonian, finnish, greek, icelandic, irish, italian, latin, magyar, norsk, polis
h, portuges, romanian, russian, serbian, slovak, slovene, spanish, swedish, tur
kish, ukrainian, nohyphenation, loaded.
(/home/nakatani/software/teTeX/share/texmf-dist/tex/latex/base/article.cls
Document Class: article 2004/02/16 v1.4f Standard LaTeX document class
(/home/nakatani/software/teTeX/share/texmf-dist/tex/latex/base/size10.clo
File: size10.clo 2004/02/16 v1.4f Standard LaTeX file (size option)
)
\c@part=\count79
\c@section=\count80
\c@subsection=\count81
\c@subsubsection=\count82
\c@paragraph=\count83
\c@subparagraph=\count84
\c@figure=\count85
\c@table=\count86
\abovecaptionskip=\skip41
\belowcaptionskip=\skip42
\bibindent=\dimen102
)
(/home/nakatani/software/teTeX/share/texmf-dist/tex/latex/tools/multicol.sty
Package: multicol 2004/02/14 v1.6e multicolumn formatting (FMi)
\c@tracingmulticols=\count87
\mult@box=\box26
\multicol@leftmargin=\dimen103
\c@unbalance=\count88
\c@collectmore=\count89
\doublecol@number=\count90
\multicoltolerance=\count91
\multicolpretolerance=\count92
\full@width=\dimen104
\page@free=\dimen105
\premulticols=\dimen106
\postmulticols=\dimen107
\multicolsep=\skip43
\multicolbaselineskip=\skip44
\partial@page=\box27
\last@line=\box28
\mult@rightbox=\box29
\mult@grightbox=\box30
\mult@gfirstbox=\box31
\mult@firstbox=\box32
\@tempa=\box33
\@tempa=\box34
\@tempa=\box35
\@tempa=\box36
\@tempa=\box37
\@tempa=\box38
\@tempa=\box39
\@tempa=\box40
\@tempa=\box41
\@tempa=\box42
\@tempa=\box43
\@tempa=\box44
\@tempa=\box45
\@tempa=\box46
\@tempa=\box47
\@tempa=\box48
\@tempa=\box49
\c@columnbadness=\count93
\c@finalcolumnbadness=\count94
\last@try=\dimen108
\multicolovershoot=\dimen109
\multicolundershoot=\dimen110
\mult@nat@firstbox=\box50
\colbreak@box=\box51
)
(/home/nakatani/software/teTeX/share/texmf-dist/tex/latex/parskip/parskip.sty
Package: parskip 2001/04/09 non-zero parskip adjustments
)
(/home/nakatani/software/teTeX/share/texmf-dist/tex/latex/preprint/fullpage.sty
Package: fullpage 1999/02/23 1.1 (PWD)
\FP@margin=\skip45
) (/home/nakatani/share/texmf/tex/platex/style/svn/svn.sty
Package: svn 2003/09/21 r32 Typeset Subversion keywords.
)
No file refcard.aux.
\openout1 = `refcard.aux'.

LaTeX Font Info:    Checking defaults for OML/cmm/m/it on input line 25.
LaTeX Font Info:    ... okay on input line 25.
LaTeX Font Info:    Checking defaults for T1/cmr/m/n on input line 25.
LaTeX Font Info:    ... okay on input line 25.
LaTeX Font Info:    Checking defaults for OT1/cmr/m/n on input line 25.
LaTeX Font Info:    ... okay on input line 25.
LaTeX Font Info:    Checking defaults for OMS/cmsy/m/n on input line 25.
LaTeX Font Info:    ... okay on input line 25.
LaTeX Font Info:    Checking defaults for OMX/cmex/m/n on input line 25.
LaTeX Font Info:    ... okay on input line 25.
LaTeX Font Info:    Checking defaults for U/cmr/m/n on input line 25.
LaTeX Font Info:    ... okay on input line 25.
LaTeX Font Info:    External font `cmex10' loaded for size
(Font)              <7> on input line 57.
LaTeX Font Info:    External font `cmex10' loaded for size
(Font)              <5> on input line 57.
LaTeX Font Info:    Font shape `OT1/cmtt/bx/n' in size <10> not available
(Font)              Font shape `OT1/cmtt/m/n' tried instead on input line 68.

Overfull \hbox (3.54077pt too wide) in paragraph at lines 68--85
[] 
 []

LaTeX Font Info:    External font `cmex10' loaded for size
(Font)              <9> on input line 96.
LaTeX Font Info:    External font `cmex10' loaded for size
(Font)              <6> on input line 96.

Underfull \hbox (badness 10000) in paragraph at lines 103--109

 []

LaTeX Font Info:    Try loading font information for OMS+cmtt on input line 137
.
LaTeX Font Info:    No file OMScmtt.fd. on input line 137.

LaTeX Font Warning: Font shape `OMS/cmtt/m/n' undefined
(Font)              using `OMS/cmsy/m/n' instead
(Font)              for symbol `textbraceleft' on input line 137.


Overfull \hbox (1.23515pt too wide) in paragraph at lines 131--140
[][] 
 []


Overfull \hbox (14.05339pt too wide) in paragraph at lines 141--157
[]$[]$ 
 []


Overfull \hbox (21.06624pt too wide) in paragraph at lines 141--157
[] 
 []


Overfull \hbox (4.07008pt too wide) in paragraph at lines 166--169
[]$[]$ 
 []


Overfull \hbox (3.2908pt too wide) in paragraph at lines 166--169
[] 
 []


Underfull \hbox (badness 10000) in paragraph at lines 166--169

 []

[1

{/home/nakatani/software/teTeX/share/texmf-var/fonts/map/pdftex/updmap/pdftex.m
ap}] (./refcard.aux)

LaTeX Font Warning: Some font shapes were not available, defaults substituted.

 ) 
Here is how much of TeX's memory you used:
 396 strings out of 94499
 5205 string characters out of 1171829
 77641 words of memory out of 1500000
 3618 multiletter control sequences out of 10000+50000
 8456 words of font info for 30 fonts, out of 1200000 for 2000
 580 hyphenation exceptions out of 8191
 23i,12n,17p,170b,398s stack positions out of 5000i,500n,6000p,200000b,5000s
PDF statistics:
 49 PDF objects out of 65536
 0 named destinations out of 20000
 1 words of extra memory for PDF output out of 65536
</home/nakatani/software/teTeX/share/texmf-dist/fonts/type1/bluesky/cm/cmmi10
.pfb></home/nakatani/software/teTeX/share/texmf-dist/fonts/type1/bluesky/cm/cmb
xti10.pfb></home/nakatani/software/teTeX/share/texmf-dist/fonts/type1/bluesky/c
m/cmbx9.pfb></home/nakatani/software/teTeX/share/texmf-dist/fonts/type1/bluesky
/cm/cmsy10.pfb></home/nakatani/software/teTeX/share/texmf-dist/fonts/type1/blue
sky/cm/cmtt10.pfb></home/nakatani/software/teTeX/share/texmf-dist/fonts/type1/b
luesky/cm/cmbx10.pfb></home/nakatani/software/teTeX/share/texmf-dist/fonts/type
1/bluesky/cm/cmti10.pfb></home/nakatani/software/teTeX/share/texmf-dist/fonts/t
ype1/bluesky/cm/cmcsc10.pfb></home/nakatani/software/teTeX/share/texmf-dist/fon
ts/type1/bluesky/cm/cmr10.pfb></home/nakatani/software/teTeX/share/texmf-dist/f
onts/type1/bluesky/cm/cmr8.pfb></home/nakatani/software/teTeX/share/texmf-dist/
fonts/type1/bluesky/cm/cmr5.pfb></home/nakatani/software/teTeX/share/texmf-dist
/fonts/type1/bluesky/cm/cmr9.pfb></home/nakatani/software/teTeX/share/texmf-dis
t/fonts/type1/bluesky/cm/cmbx12.pfb></home/nakatani/software/teTeX/share/texmf-
dist/fonts/type1/bluesky/cm/cmr12.pfb></home/nakatani/software/teTeX/share/texm
f-dist/fonts/type1/bluesky/cm/cmr17.pfb>
Output written on refcard.pdf (1 page, 92997 bytes).
