This is pdfeTeXk, Version 3.141592-1.21a-2.2 (Web2C 7.5.4) (format=pdfetex 2011.9.19)  28 SEP 2011 01:25
entering extended mode
 file:line:error style messages enabled.
**\catcode126=12 \def\normaltilde{~}\catcode126=13 \let~\normaltilde  \input ./
ess.texi
(./ess.texi
(/home/nakatani/software/teTeX/share/texmf-dist/tex/texinfo/texinfo.tex
Loading texinfo [version 2005-01-30.17]: Basics,
\bindingoffset=\dimen16
\normaloffset=\dimen17
\pagewidth=\dimen18
\pageheight=\dimen19
\outerhsize=\dimen20
\outervsize=\dimen21
\cornerlong=\dimen22
\cornerthick=\dimen23
\topandbottommargin=\dimen24
\headlinebox=\box16
\footlinebox=\box17
\margin=\insert252
\EMsimple=\toks13
\groupbox=\box18
\groupinvalidhelp=\toks14
\mil=\dimen25
\exdentamount=\skip18
\inmarginspacing=\skip19
 pdf,
\tempnum=\count27
\lnkcount=\count28
\filename=\toks15
\filenamelength=\count29
\pgn=\count30
\toksA=\toks16
\toksB=\toks17
\toksC=\toks18
\toksD=\toks19
\boxA=\box19
\countA=\count31

(/home/nakatani/software/teTeX/share/texmf-dist/tex/plain/pdfcolor/pdfcolor.tex
) fonts,
\sffam=\fam8
\textleading=\dimen26
\fontdepth=\count32
 page headings,
\titlepagetopglue=\skip20
\titlepagebottomglue=\skip21
\evenheadline=\toks20
\oddheadline=\toks21
\evenfootline=\toks22
\oddfootline=\toks23
 tables,
\tableindent=\dimen27
\itemindent=\dimen28
\itemmargin=\dimen29
\itemmax=\dimen30
\itemno=\count33
\multitableparskip=\skip22
\multitableparindent=\skip23
\multitablecolspace=\dimen31
\multitablelinespace=\skip24
\colcount=\count34
\everytab=\toks24
 conditionals,
\doignorecount=\count35
 indexing,
\secondaryindent=\skip25
\partialpage=\box20
\doublecolumnhsize=\dimen32
 sectioning,
\unnumberedno=\count36
\chapno=\count37
\secno=\count38
\subsecno=\count39
\subsubsecno=\count40
\appendixno=\count41
\absseclevel=\count42
\secbase=\count43
\chapheadingskip=\skip26
\secheadingskip=\skip27
\subsecheadingskip=\skip28
 toc,
\tocfile=\write0
\contentsrightmargin=\skip29
\savepageno=\count44
\lastnegativepageno=\count45
\tocindent=\dimen33

environments,
\errorbox=\box21
\lispnarrowing=\skip30
\envskipamount=\skip31
\circthick=\dimen34
\cartouter=\dimen35
\cartinner=\dimen36
\normbskip=\skip32
\normpskip=\skip33
\normlskip=\skip34
\lskip=\skip35
\rskip=\skip36
\tabw=\dimen37
 defuns,
\defbodyindent=\skip37
\defargsindent=\skip38
\deflastargmargin=\skip39
\parencount=\count46
\brackcount=\count47
 macros,
\paramno=\count48
\macname=\toks25
 cross references,
\auxfile=\write1
\savesfregister=\count49
 insertions,
\footnoteno=\count50
\SAVEfootins=\box22
\SAVEmargin=\box23

(/home/nakatani/software/teTeX/share/texmf-dist/tex/generic/epsf/epsf.tex
\epsffilein=\read1
\epsfframemargin=\dimen38
\epsfframethickness=\dimen39
\epsfrsize=\dimen40
\epsftmp=\dimen41
\epsftsize=\dimen42
\epsfxsize=\dimen43
\epsfysize=\dimen44
\pspoints=\dimen45
\epsfnoopenhelp=\toks26
)
\noepsfhelp=\toks27

localization,
\nolanghelp=\toks28
\defaultparindent=\dimen46
 and turning on texinfo input format.) (./ess.aux)
\openout1 = `ess.aux'.

@cpindfile=@write2
@fnindfile=@write3
@vrindfile=@write4
@tpindfile=@write5
@kyindfile=@write6
@pgindfile=@write7

(./ess-defs.texi) (../VERSION) [1
\openout2 = `ess.cp'.

\openout3 = `ess.fn'.

\openout4 = `ess.vr'.

\openout5 = `ess.tp'.

\openout6 = `ess.ky'.

\openout7 = `ess.pg'.

{/home/nakatani/software/teTeX/share/texmf-var/fonts/map/pdftex/updmap/pdftex.m
ap}] Chapter 1
\openout0 = `ess.toc'.

 [1] (./newfeat.texi [2]
Underfull \hbox (badness 2846) in paragraph at lines 35--37
 []@reducedrm ESS[SAS]@textrm : buffer-local @texttt ess-sas-submit-command[] @
textrm and @texttt ess-sas-submit-command-

@hbox(7.60416+2.5)x433.62, glue set 3.05716
.@glue(@leftskip) 21.68121
.@hbox(4.86667+0.0)x0.0, glue set - 12.70244fil
..@glue 0.0 plus 1.0fil minus 1.0fil
..@mathon
..@textsy ^^O
..@mathoff
..@kern 7.22743
.@reducedrm E
.@reducedrm S
.@reducedrm S
.etc.

[3] [4]
Underfull \hbox (badness 10000) in paragraph at lines 149--153
 []@textrm by un-pack-ing ei-ther `@texttt ess-5.3.1.tgz[]@textrm '[] or `@text
tt ess-5.3.1.zip[]@textrm '[] into

@hbox(7.60416+2.43333)x433.62, glue set 8.29012
.@glue(@leftskip) 43.36243
.@hbox(7.05666+0.0)x0.0, glue set - 15.74411fil
..@glue 0.0 plus 1.0fil minus 1.0fil
..@textrm 2
..@textrm .
..@kern 7.22743
.@textrm b
.@kern-0.30418
.@textrm y
.etc.


Overfull \hbox (7.376pt too wide) in paragraph at lines 149--153
 @textrm `@texttt PREFIX/lib/xemacs/site-packages[]@textrm '[] on unix or `@tex
ttt PREFIX\XEmacs\site-packages[]@textrm '[]|

@hbox(7.60416+2.43333)x433.62, glue set - 1.0
.@glue(@leftskip) 43.36243
.@textrm `
.@texttt P
.@texttt R
.@texttt E
.etc.

[5] [6]
Underfull \hbox (badness 2671) in paragraph at lines 282--286
 @textrm ver-sion of R 2.1.0) when us-ing en-vi-ron-ment vari-ables LAN-GUAGE=e
n@texttt @@textrm quot

@hbox(8.2125+2.73749)x433.62, glue set 2.99034
.@glue(@leftskip) 21.68121
.@textrm v
.@kern-0.30418
.@textrm e
.@textrm r
.etc.

[7] [8] [9] [10] [11] [12]) (./credits.texi [13] (./authors.texi))
(./getting.texi (./inst_svn.texi
Overfull \hbox (8.79224pt too wide) in paragraph at lines 7--11
[]@textrm The lat-est de-vel-op-ment ver-sion of ESS is avail-able via [][]@tex
ttt https://svn.R-project.org/ESS/[][][]@textrm ,|

@hbox(7.60416+2.43333)x433.62, glue set - 1.0
.@hbox(0.0+0.0)x15.0
.@textrm T
.@textrm h
.@textrm e
.@glue 3.65 plus 1.825 minus 1.21666
.etc.


Overfull \hbox (52.88176pt too wide) in paragraph at lines 7--11
@textrm the ESS Sub-ver-sion repos-i-tory. If you have a Sub-ver-sion client (s
ee [][]@texttt http://subversion.tigris.org/[][][]@textrm ),|

@hbox(8.2125+2.73749)x433.62, glue set - 1.0
.@textrm t
.@textrm h
.@textrm e
.@glue 3.65 plus 1.825 minus 1.21666
.@textrm E
.etc.

)) [14] Chapter 2 [15] (./inst_tar.texi [16]
Underfull \hbox (badness 2368) in paragraph at lines 236--243
 []@textrm On Win-dows NT/2000/XP, add the di-rec-to-ries to the PATH us-ing th
e @texttt My

@hbox(8.2125+2.73749)x433.62, glue set 2.8748
.@glue(@leftskip) 21.68121
.@hbox(0.0+0.0)x0.0
.@textrm O
.@textrm n
.@glue 3.65 plus 1.825 minus 1.21666
.etc.

[17] [18]) (./requires.texi [19]) Chapter 3 [20]
Underfull \hbox (badness 10000) in paragraph at lines 559--563
[]@textrm You can switch to any ac-tive ESS pro-cess with the com-mand `@texttt
 M-x

@hbox(7.60416+2.12917)x433.62, glue set 5.0366
.@hbox(0.0+0.0)x15.0
.@textrm Y
.@kern-0.91252
.@textrm o
.@textrm u
.etc.


Overfull \hbox (119.17264pt too wide) in paragraph at lines 587--590
 @texttt telnet[]@textrm '[] or `@texttt M-x ssh[]@textrm '[]; ssh.el is avail-
able at [][]@texttt ftp://ftp.splode.com/pub/users/friedman/emacs-lisp/ssh.el[]
[][]@textrm ). |

@hbox(8.2125+2.73749)x433.62, glue set - 1.0
.@glue(@leftskip) 21.68121
.@texttt t
.@texttt e
.@texttt l
.@texttt n
.etc.

[21] [22] [23] Chapter 4 [24] [25] [26] [27] [28] [29] [30] [31] [32]
Chapter 5 [33] Chapter 6 [34] (./help-s.texi [35] [36] [37] [38] [39])
Chapter 7 [40] [41] [42] [43] [44] [45] [46] Chapter 8 [47] [48] Chapter 9
[49] [50] Chapter 10 [51] (./help-sas.texi [52] [53] [54] [55] [56] [57]
[58]
Overfull \hbox (4.4401pt too wide) in paragraph at lines 542--542
@textrm `@texttt *SAS:1.log*[]@textrm '[]| 

@hbox(9.34993+3.85005)x64.87881
.@textrm `
.@texttt *
.@texttt S
.@texttt A
.@texttt S
.etc.


Overfull \hbox (4.4401pt too wide) in paragraph at lines 544--544
@textrm `@texttt *SAS:1.lst*[]@textrm '[]| 

@hbox(9.34993+3.85005)x64.87881
.@textrm `
.@texttt *
.@texttt S
.@texttt A
.@texttt S
.etc.

[59]) Chapter 11 [60] (./help-bugs.texi [61]) Chapter 12 [62] (./help-jags.texi
) Chapter 13 [63] [64]
Underfull \hbox (badness 2846) in paragraph at lines 2599--2604
 []@textrm Font-lock pat-terns for in-fe-rior *R* pro-cesses. (There is a cor-r
e-spond-ing

@hbox(8.2125+2.73749)x433.62, glue set 3.05396
.@glue(@leftskip) 28.90755
.@hbox(0.0+0.0)x0.0
.@textrm F
.@kern-0.91252
.@textrm o
.etc.

[65] [66] Chapter 14 [67] (./bugs.texi) (./bugrept.texi) (./mailing.texi
[68]) Appendix A [69] (Key (Character) Index) [70] (Concept Index) [71]
(./ess.cps [72]) (Variable and command index) [73] (./ess.vrs) [74]
Overfull \vbox (36.79982pt too high) has occurred while \output is active
\vbox(643.19986+0.0)x433.62, glue set - 1.0
.\glue(\topskip) 24.00002
.\vbox(11.99998+0.0)x433.62
..\hbox(11.99998+0.0)x433.62, glue set 184.82227fil
...\hbox(0.0+0.0)x0.0
...\chaprm V
...\kern-1.62001
...\chaprm a
...\chaprm r
...etc.
.\penalty 10000
.\glue 12.0 plus 4.0 minus 4.0
.\penalty 10000
.etc.


[75] (./ess.toc [-1] [-2]) [-3] (./ess.toc) (./ess.toc) ) 
Here is how much of TeX's memory you used:
 2255 strings out of 97341
 27299 string characters out of 1211262
 73061 words of memory out of 1500000
 3119 multiletter control sequences out of 10000+50000
 32127 words of font info for 112 fonts, out of 1200000 for 2000
 51 hyphenation exceptions out of 8191
 18i,11n,16p,309b,488s stack positions out of 5000i,500n,6000p,200000b,5000s
PDF statistics:
 1138 PDF objects out of 65536
 168 named destinations out of 20000
 721 words of extra memory for PDF output out of 65536
</home/nakatani/softwa
re/teTeX/share/texmf-dist/fonts/type1/bluesky/cm/cmbxti10.pfb></home/nakatani/s
oftware/teTeX/share/texmf-dist/fonts/type1/bluesky/cm/cmti9.pfb></home/nakatani
/software/teTeX/share/texmf-dist/fonts/type1/bluesky/cm/cmcsc10.pfb></home/naka
tani/software/teTeX/share/texmf-dist/fonts/type1/bluesky/cm/cmr8.pfb></home/nak
atani/software/teTeX/share/texmf-dist/fonts/type1/bluesky/cm/cmsy9.pfb></home/n
akatani/software/teTeX/share/texmf-dist/fonts/type1/bluesky/cm/cmtt12.pfb></hom
e/nakatani/software/teTeX/share/texmf-dist/fonts/type1/bluesky/cm/cmr9.pfb></ho
me/nakatani/software/teTeX/share/texmf-dist/fonts/type1/bluesky/cm/cmr7.pfb></h
ome/nakatani/software/teTeX/share/texmf-dist/fonts/type1/bluesky/cm/cmtt9.pfb><
/home/nakatani/software/teTeX/share/texmf-dist/fonts/type1/bluesky/cm/cmsltt10.
pfb></home/nakatani/software/teTeX/share/texmf-dist/fonts/type1/bluesky/cm/cmsl
10.pfb></home/nakatani/software/teTeX/share/texmf-dist/fonts/type1/bluesky/cm/c
mtt10.pfb></home/nakatani/software/teTeX/share/texmf-dist/fonts/type1/bluesky/c
m/cmti10.pfb></home/nakatani/software/teTeX/share/texmf-dist/fonts/type1/bluesk
y/cm/cmb10.pfb></home/nakatani/software/teTeX/share/texmf-dist/fonts/type1/blue
sky/cm/cmsy10.pfb></home/nakatani/software/teTeX/share/texmf-dist/fonts/type1/b
luesky/cm/cmr10.pfb></home/nakatani/software/teTeX/share/texmf-dist/fonts/type1
/bluesky/cm/cmbx12.pfb>
Output written on ess.pdf (79 pages, 508867 bytes).
