This is pdfeTeXk, Version 3.141592-1.21a-2.2 (Web2C 7.5.4) (format=pdfetex 2011.9.19)  28 SEP 2011 01:25
entering extended mode
 file:line:error style messages enabled.
**\catcode126=12 \def\normaltilde{~}\catcode126=13 \let~\normaltilde  \input ./
readme.texi
(./readme.texi
(/home/nakatani/software/teTeX/share/texmf-dist/tex/texinfo/texinfo.tex
Loading texinfo [version 2005-01-30.17]: Basics,
\bindingoffset=\dimen16
\normaloffset=\dimen17
\pagewidth=\dimen18
\pageheight=\dimen19
\outerhsize=\dimen20
\outervsize=\dimen21
\cornerlong=\dimen22
\cornerthick=\dimen23
\topandbottommargin=\dimen24
\headlinebox=\box16
\footlinebox=\box17
\margin=\insert252
\EMsimple=\toks13
\groupbox=\box18
\groupinvalidhelp=\toks14
\mil=\dimen25
\exdentamount=\skip18
\inmarginspacing=\skip19
 pdf,
\tempnum=\count27
\lnkcount=\count28
\filename=\toks15
\filenamelength=\count29
\pgn=\count30
\toksA=\toks16
\toksB=\toks17
\toksC=\toks18
\toksD=\toks19
\boxA=\box19
\countA=\count31

(/home/nakatani/software/teTeX/share/texmf-dist/tex/plain/pdfcolor/pdfcolor.tex
) fonts,
\sffam=\fam8
\textleading=\dimen26
\fontdepth=\count32
 page headings,
\titlepagetopglue=\skip20
\titlepagebottomglue=\skip21
\evenheadline=\toks20
\oddheadline=\toks21
\evenfootline=\toks22
\oddfootline=\toks23
 tables,
\tableindent=\dimen27
\itemindent=\dimen28
\itemmargin=\dimen29
\itemmax=\dimen30
\itemno=\count33
\multitableparskip=\skip22
\multitableparindent=\skip23
\multitablecolspace=\dimen31
\multitablelinespace=\skip24
\colcount=\count34
\everytab=\toks24
 conditionals,
\doignorecount=\count35
 indexing,
\secondaryindent=\skip25
\partialpage=\box20
\doublecolumnhsize=\dimen32
 sectioning,
\unnumberedno=\count36
\chapno=\count37
\secno=\count38
\subsecno=\count39
\subsubsecno=\count40
\appendixno=\count41
\absseclevel=\count42
\secbase=\count43
\chapheadingskip=\skip26
\secheadingskip=\skip27
\subsecheadingskip=\skip28
 toc,
\tocfile=\write0
\contentsrightmargin=\skip29
\savepageno=\count44
\lastnegativepageno=\count45
\tocindent=\dimen33

environments,
\errorbox=\box21
\lispnarrowing=\skip30
\envskipamount=\skip31
\circthick=\dimen34
\cartouter=\dimen35
\cartinner=\dimen36
\normbskip=\skip32
\normpskip=\skip33
\normlskip=\skip34
\lskip=\skip35
\rskip=\skip36
\tabw=\dimen37
 defuns,
\defbodyindent=\skip37
\defargsindent=\skip38
\deflastargmargin=\skip39
\parencount=\count46
\brackcount=\count47
 macros,
\paramno=\count48
\macname=\toks25
 cross references,
\auxfile=\write1
\savesfregister=\count49
 insertions,
\footnoteno=\count50
\SAVEfootins=\box22
\SAVEmargin=\box23

(/home/nakatani/software/teTeX/share/texmf-dist/tex/generic/epsf/epsf.tex
\epsffilein=\read1
\epsfframemargin=\dimen38
\epsfframethickness=\dimen39
\epsfrsize=\dimen40
\epsftmp=\dimen41
\epsftsize=\dimen42
\epsfxsize=\dimen43
\epsfysize=\dimen44
\pspoints=\dimen45
\epsfnoopenhelp=\toks26
)
\noepsfhelp=\toks27

localization,
\nolanghelp=\toks28
\defaultparindent=\dimen46
 and turning on texinfo input format.) (./readme.aux)
\openout1 = `readme.aux'.

@cpindfile=@write2
@fnindfile=@write3
@vrindfile=@write4
@tpindfile=@write5
@kyindfile=@write6
@pgindfile=@write7

(./ess-defs.texi) Chapter 1
\openout0 = `readme.toc'.

 (../VERSION)
Underfull \hbox (badness 5490) in paragraph at lines 25--38
@textrm For-mer project leader A.J. (Tony) Rossini ([][]@texttt rossini@blindgl
obe.net[][][]@textrm ) did the

@hbox(8.2125+2.73749)x433.62, glue set 3.80217
.@textrm F
.@kern-0.91252
.@textrm o
.@textrm r
.@discretionary
..@textrm -
.etc.


Underfull \hbox (badness 3872) in paragraph at lines 25--38
@textrm ini-tial port to XEmacs and has been the pri-mary coder. Mar-tin Maech-
ler

@hbox(7.60416+2.12917)x433.62, glue set 3.38588
.@textrm i
.@textrm n
.@textrm i
.@discretionary
..@textrm -
.@textrm t
.etc.


Underfull \hbox (badness 10000) in paragraph at lines 25--38
@textrm ([][]@texttt maechler@stat.math.ethz.ch[][][]@textrm ) and Kurt Hornik 
([][]@texttt Kurt.Hornik@R-project.org[][][]@textrm )

@hbox(8.2125+2.73749)x433.62, glue set 4.81291
.@textrm (
.@pdfliteral{0 1 1 0 k}
.@pdflink(*+*)x* attr{/Border [0 0 0]} action user{/Subtype /Link /A << /S /URI
 /URI (mailto:maechler@stat.math.ethz.ch)@ETC.}

(./license.texi) (./stabilty.texi) (./requires.texi [1
\openout2 = `readme.cp'.

\openout3 = `readme.fn'.

\openout4 = `readme.vr'.

\openout5 = `readme.tp'.

\openout6 = `readme.ky'.

\openout7 = `readme.pg'.

{/home/nakatani/software/teTeX/share/texmf-var/fonts/map/pdftex/updmap/pdftex.m
ap}]) (./getting.texi
(./inst_svn.texi
Overfull \hbox (8.79224pt too wide) in paragraph at lines 7--11
[]@textrm The lat-est de-vel-op-ment ver-sion of ESS is avail-able via [][]@tex
ttt https://svn.R-project.org/ESS/[][][]@textrm ,|

@hbox(7.60416+2.43333)x433.62, glue set - 1.0
.@hbox(0.0+0.0)x15.0
.@textrm T
.@textrm h
.@textrm e
.@glue 3.65 plus 1.825 minus 1.21666
.etc.


Overfull \hbox (52.88176pt too wide) in paragraph at lines 7--11
@textrm the ESS Sub-ver-sion repos-i-tory. If you have a Sub-ver-sion client (s
ee [][]@texttt http://subversion.tigris.org/[][][]@textrm ),|

@hbox(8.2125+2.73749)x433.62, glue set - 1.0
.@textrm t
.@textrm h
.@textrm e
.@glue 3.65 plus 1.825 minus 1.21666
.@textrm E
.etc.

)) (./inst_tar.texi [2] [3]
Underfull \hbox (badness 2368) in paragraph at lines 236--243
 []@textrm On Win-dows NT/2000/XP, add the di-rec-to-ries to the PATH us-ing th
e @texttt My

@hbox(8.2125+2.73749)x433.62, glue set 2.8748
.@glue(@leftskip) 21.68121
.@hbox(0.0+0.0)x0.0
.@textrm O
.@textrm n
.@glue 3.65 plus 1.825 minus 1.21666
.etc.

[4] [5]) (./currfeat.texi [6]) (./newfeat.texi [7]
Underfull \hbox (badness 2846) in paragraph at lines 35--37
 []@reducedrm ESS[SAS]@textrm : buffer-local @texttt ess-sas-submit-command[] @
textrm and @texttt ess-sas-submit-command-

@hbox(7.60416+2.5)x433.62, glue set 3.05716
.@glue(@leftskip) 21.68121
.@hbox(4.86667+0.0)x0.0, glue set - 12.70244fil
..@glue 0.0 plus 1.0fil minus 1.0fil
..@mathon
..@textsy ^^O
..@mathoff
..@kern 7.22743
.@reducedrm E
.@reducedrm S
.@reducedrm S
.etc.

[8] [9]
Underfull \hbox (badness 10000) in paragraph at lines 149--153
 []@textrm by un-pack-ing ei-ther `@texttt ess-5.3.1.tgz[]@textrm '[] or `@text
tt ess-5.3.1.zip[]@textrm '[] into

@hbox(7.60416+2.43333)x433.62, glue set 8.29012
.@glue(@leftskip) 43.36243
.@hbox(7.05666+0.0)x0.0, glue set - 15.74411fil
..@glue 0.0 plus 1.0fil minus 1.0fil
..@textrm 2
..@textrm .
..@kern 7.22743
.@textrm b
.@kern-0.30418
.@textrm y
.etc.


Overfull \hbox (7.376pt too wide) in paragraph at lines 149--153
 @textrm `@texttt PREFIX/lib/xemacs/site-packages[]@textrm '[] on unix or `@tex
ttt PREFIX\XEmacs\site-packages[]@textrm '[]|

@hbox(7.60416+2.43333)x433.62, glue set - 1.0
.@glue(@leftskip) 43.36243
.@textrm `
.@texttt P
.@texttt R
.@texttt E
.etc.

[10] [11]
Underfull \hbox (badness 2671) in paragraph at lines 282--286
 @textrm ver-sion of R 2.1.0) when us-ing en-vi-ron-ment vari-ables LAN-GUAGE=e
n@texttt @@textrm quot

@hbox(8.2125+2.73749)x433.62, glue set 2.99034
.@glue(@leftskip) 21.68121
.@textrm v
.@kern-0.30418
.@textrm e
.@textrm r
.etc.

[12] [13] [14] [15] [16] [17]) (./bugrept.texi) (./mailing.texi)
(./authors.texi) [18] ) 
Here is how much of TeX's memory you used:
 1756 strings out of 97341
 19243 string characters out of 1211262
 41501 words of memory out of 1500000
 2778 multiletter control sequences out of 10000+50000
 32127 words of font info for 112 fonts, out of 1200000 for 2000
 51 hyphenation exceptions out of 8191
 16i,5n,16p,312b,455s stack positions out of 5000i,500n,6000p,200000b,5000s
PDF statistics:
 152 PDF objects out of 65536
 32 named destinations out of 20000
 1 words of extra memory for PDF output out of 65536
</home/nakatani/software/teTeX/share/texmf-dist/fonts/ty
pe1/bluesky/cm/cmb10.pfb></home/nakatani/software/teTeX/share/texmf-dist/fonts/
type1/bluesky/cm/cmti10.pfb></home/nakatani/software/teTeX/share/texmf-dist/fon
ts/type1/bluesky/cm/cmr9.pfb></home/nakatani/software/teTeX/share/texmf-dist/fo
nts/type1/bluesky/cm/cmsl10.pfb></home/nakatani/software/teTeX/share/texmf-dist
/fonts/type1/bluesky/cm/cmsltt10.pfb></home/nakatani/software/teTeX/share/texmf
-dist/fonts/type1/bluesky/cm/cmtt9.pfb></home/nakatani/software/teTeX/share/tex
mf-dist/fonts/type1/bluesky/cm/cmr7.pfb></home/nakatani/software/teTeX/share/te
xmf-dist/fonts/type1/bluesky/cm/cmsy10.pfb></home/nakatani/software/teTeX/share
/texmf-dist/fonts/type1/bluesky/cm/cmtt10.pfb></home/nakatani/software/teTeX/sh
are/texmf-dist/fonts/type1/bluesky/cm/cmr10.pfb></home/nakatani/software/teTeX/
share/texmf-dist/fonts/type1/bluesky/cm/cmbx12.pfb>
Output written on readme.pdf (18 pages, 169040 bytes).
